<?xml version="1.0" encoding="UTF-8"?>
<!-- Generated by org.testng.reporters.JUnitReportReporter -->
<testsuite hostname="hp-H310B" failures="0" tests="54" name="oculus.testcases.SanityTestV3" time="246.116" errors="0" timestamp="2024-05-31T12:11:40 IST" skipped="0">
  <testcase classname="oculus.testcases.SanityTestV3" name="verify_naviagate_to_ISP_ProductPage" time="27.525"/>
  <testcase classname="oculus.testcases.SanityTestV3" name="verify_naviagate_to_ISP_ProductPage" time="4.103"/>
  <testcase classname="oculus.testcases.SanityTestV3" name="verify_naviagate_to_ISPplus_ProductPage" time="1.614"/>
  <testcase classname="oculus.testcases.SanityTestV3" name="verify_naviagate_to_ISPplus_ProductPage" time="0.966"/>
  <testcase classname="oculus.testcases.SanityTestV3" name="verify_naviagate_to_sharedDc_ProductPage" time="1.458"/>
  <testcase classname="oculus.testcases.SanityTestV3" name="verify_naviagate_to_sharedDc_ProductPage" time="1.067"/>
  <testcase classname="oculus.testcases.SanityTestV3" name="verify_naviagate_to_dedicatedDC_ProductPage" time="1.297"/>
  <testcase classname="oculus.testcases.SanityTestV3" name="verify_naviagate_to_dedicatedDC_ProductPage" time="0.866"/>
  <testcase classname="oculus.testcases.SanityTestV3" name="verifyProductValues_ProxiesPricing" time="4.111"/>
  <testcase classname="oculus.testcases.SanityTestV3" name="verifyProductValues_ProxiesPricing" time="2.684"/>
  <testcase classname="oculus.testcases.SanityTestV3" name="verifyALLProductInProductDropdown" time="25.152"/>
  <testcase classname="oculus.testcases.SanityTestV3" name="verifyALLProductInProductDropdown" time="2.248"/>
  <testcase classname="oculus.testcases.SanityTestV3" name="verify_dropdown_values_ISP" time="3.231"/>
  <testcase classname="oculus.testcases.SanityTestV3" name="verify_dropdown_values_ISP" time="16.907"/>
  <testcase classname="oculus.testcases.SanityTestV3" name="verify_dropdown_values_ISPplus" time="0.416"/>
  <testcase classname="oculus.testcases.SanityTestV3" name="verify_dropdown_values_ISPplus" time="0.416"/>
  <testcase classname="oculus.testcases.SanityTestV3" name="verify_dropdown_values_SharedDC" time="0.426"/>
  <testcase classname="oculus.testcases.SanityTestV3" name="verify_dropdown_values_SharedDC" time="0.393"/>
  <testcase classname="oculus.testcases.SanityTestV3" name="verify_dropdown_values_DedicatedDC" time="0.402"/>
  <testcase classname="oculus.testcases.SanityTestV3" name="verify_dropdown_values_DedicatedDC" time="0.349"/>
  <testcase classname="oculus.testcases.SanityTestV3" name="verify_dropdown_Price_changed_ISP" time="3.749"/>
  <testcase classname="oculus.testcases.SanityTestV3" name="verify_dropdown_Price_changed_ISP" time="3.915"/>
  <testcase classname="oculus.testcases.SanityTestV3" name="verify_dropdown_Price_changed_ISPplus" time="0.507"/>
  <testcase classname="oculus.testcases.SanityTestV3" name="verify_dropdown_Price_changed_ISPplus" time="0.430"/>
  <testcase classname="oculus.testcases.SanityTestV3" name="verify_dropdown_Price_changed_sharedDC" time="0.426"/>
  <testcase classname="oculus.testcases.SanityTestV3" name="verify_dropdown_Price_changed_sharedDC" time="0.465"/>
  <testcase classname="oculus.testcases.SanityTestV3" name="verify_dropdown_Price_changed_shareDC2" time="0.143"/>
  <testcase classname="oculus.testcases.SanityTestV3" name="verify_dropdown_Price_changed_shareDC2" time="0.444"/>
  <testcase classname="oculus.testcases.SanityTestV3" name="verify_dropdown_Price_changed_DedicatedDc" time="0.440"/>
  <testcase classname="oculus.testcases.SanityTestV3" name="verify_dropdown_Price_changed_DedicatedDc" time="0.485"/>
  <testcase classname="oculus.testcases.SanityTestV3" name="verify_navigateTo_ISP_from_Product_Page" time="3.148"/>
  <testcase classname="oculus.testcases.SanityTestV3" name="verify_navigateTo_ISP_from_Product_Page" time="72.548"/>
  <testcase classname="oculus.testcases.SanityTestV3" name="verify_navigateTo_ISPplus_from_Product_Page" time="2.208"/>
  <testcase classname="oculus.testcases.SanityTestV3" name="verify_navigateTo_ISPplus_from_Product_Page" time="1.980"/>
  <testcase classname="oculus.testcases.SanityTestV3" name="verify_navigateTo_SharedDC_pricepage_from_Product_Page" time="2.380"/>
  <testcase classname="oculus.testcases.SanityTestV3" name="verify_navigateTo_SharedDC_pricepage_from_Product_Page" time="1.932"/>
  <testcase classname="oculus.testcases.SanityTestV3" name="verify_navigateTo_dedicatedDc_pricePage_from_Product_Page" time="1.995"/>
  <testcase classname="oculus.testcases.SanityTestV3" name="verify_navigateTo_dedicatedDc_pricePage_from_Product_Page" time="2.087"/>
  <testcase classname="oculus.testcases.SanityTestV3" name="verify_liks_onSignUp_page_LOGINL_INK" time="4.145"/>
  <testcase classname="oculus.testcases.SanityTestV3" name="verify_navigateTo_MyProxiesPage_from_Product_Page" time="2.250"/>
  <testcase classname="oculus.testcases.SanityTestV3" name="verify_navigateTo_MyProxiesPage_from_Product_Page" time="5.060"/>
  <testcase classname="oculus.testcases.SanityTestV3" name="verify_liks_onSignUp_page_LOGINL_INK" time="3.477"/>
  <testcase classname="oculus.testcases.SanityTestV3" name="verify_navigate_To_SignUp_Page_From_LOGINL_Page" time="2.636"/>
  <testcase classname="oculus.testcases.SanityTestV3" name="verify_navigate_To_SignUp_Page_From_LOGINL_Page" time="2.144"/>
  <testcase classname="oculus.testcases.SanityTestV3" name="verify_navigate_To_TAC_From_SIGNUP_Page" time="3.505"/>
  <testcase classname="oculus.testcases.SanityTestV3" name="verify_navigate_To_TAC_From_SIGNUP_Page" time="3.995"/>
  <testcase classname="oculus.testcases.SanityTestV3" name="verify_navigate_To_PrivcyPolicy_From_SIGNUP_Page" time="7.064"/>
  <testcase classname="oculus.testcases.SanityTestV3" name="verify_navigate_To_PrivcyPolicy_From_SIGNUP_Page" time="3.167"/>
  <testcase classname="oculus.testcases.SanityTestV3" name="verify_navigate_To_forgotPass_From_LOGIN_Page" time="2.201"/>
  <testcase classname="oculus.testcases.SanityTestV3" name="verify_navigate_To_forgotPass_From_LOGIN_Page" time="2.928"/>
  <testcase classname="oculus.testcases.SanityTestV3" name="verify_navigate_To_SIGNUP_Page_From_ForgotPass_Page" time="2.398"/>
  <testcase classname="oculus.testcases.SanityTestV3" name="verify_navigate_To_SIGNUP_Page_From_ForgotPass_Page" time="2.049"/>
  <testcase classname="oculus.testcases.SanityTestV3" name="verify_reverse_flow_V4_HP_workingas_Expecetd" time="2.283"/>
  <testcase classname="oculus.testcases.SanityTestV3" name="verify_reverse_flow_V4_HP_workingas_Expecetd" time="1.901"/>
</testsuite> <!-- oculus.testcases.SanityTestV3 -->
