<?xml version="1.0" encoding="UTF-8"?>
<!-- Generated by org.testng.reporters.JUnitReportReporter -->
<testsuite hostname="hp-H310B" failures="0" tests="11" name="oculus.testcases.SanityTestV1" time="41.878" errors="0" timestamp="2024-06-24T11:08:08 IST" skipped="0">
  <testcase classname="oculus.testcases.SanityTestV1" name="verifyNavigatingToPricing" time="7.089"/>
  <testcase classname="oculus.testcases.SanityTestV1" name="verifyDropdownValuesOculusNetworkPerformance" time="3.304"/>
  <testcase classname="oculus.testcases.SanityTestV1" name="verifyDropdownValuesOculusNetworkRetail" time="2.900"/>
  <testcase classname="oculus.testcases.SanityTestV1" name="verifyDropdownValuesOculusNetworkReserve" time="2.752"/>
  <testcase classname="oculus.testcases.SanityTestV1" name="verifyDropdownValuesPremiumDC_ISPProxies" time="4.641"/>
  <testcase classname="oculus.testcases.SanityTestV1" name="verifyServerCTAIsFunctional" time="6.785"/>
  <testcase classname="oculus.testcases.SanityTestV1" name="verifyFAQFunction" time="5.713"/>
  <testcase classname="oculus.testcases.SanityTestV1" name="verifyContactCTAIsFunctional" time="3.884"/>
  <testcase classname="oculus.testcases.SanityTestV1" name="verifyLoginCTAIsFunctional" time="0.968"/>
  <testcase classname="oculus.testcases.SanityTestV1" name="verifySignUpCTAIsFunctional" time="1.695"/>
  <testcase classname="oculus.testcases.SanityTestV1" name="verifyTERMSANDCONDITIONsFunctional" time="2.147"/>
</testsuite> <!-- oculus.testcases.SanityTestV1 -->
