<?xml version="1.0" encoding="UTF-8"?>
<!-- Generated by org.testng.reporters.JUnitReportReporter -->
<testsuite hostname="hp-H310B" failures="0" tests="39" name="oculus.testcases.SanityTestV3" time="193.387" errors="0" timestamp="2024-06-21T12:50:49 IST" skipped="0">
  <testcase classname="oculus.testcases.SanityTestV3" name="verify_naviagate_to_ISP_ProductPage" time="8.765"/>
  <testcase classname="oculus.testcases.SanityTestV3" name="verify_naviagate_to_ISPplus_ProductPage" time="0.854"/>
  <testcase classname="oculus.testcases.SanityTestV3" name="verify_naviagate_to_sharedDc_ProductPage" time="0.543"/>
  <testcase classname="oculus.testcases.SanityTestV3" name="verify_naviagate_to_Residential_ProductPage" time="0.981"/>
  <testcase classname="oculus.testcases.SanityTestV3" name="verify_naviagate_to_dedicatedDC_ProductPage" time="1.458"/>
  <testcase classname="oculus.testcases.SanityTestV3" name="verify_naviagate_to_Residential_Pricing_Page_From_ProductPage" time="1.705"/>
  <testcase classname="oculus.testcases.SanityTestV3" name="verify_Product_Values_For_free_plan" time="4.114"/>
  <testcase classname="oculus.testcases.SanityTestV3" name="verifyALLProductInProductDropdown" time="1.052"/>
  <testcase classname="oculus.testcases.SanityTestV3" name="verify_ISP_product_values_from_dropdown" time="5.330"/>
  <testcase classname="oculus.testcases.SanityTestV3" name="verify_ISPplus_product_values_from_dropdown" time="3.215"/>
  <testcase classname="oculus.testcases.SanityTestV3" name="verify_SharedDc_product_values_from_dropdown" time="5.706"/>
  <testcase classname="oculus.testcases.SanityTestV3" name="verify_DedicatedDc_product_values_from_dropdown" time="2.983"/>
  <testcase classname="oculus.testcases.SanityTestV3" name="verify_dropdown_Price_changed_ISP" time="3.441"/>
  <testcase classname="oculus.testcases.SanityTestV3" name="verify_dropdown_Price_changed_ISPplus" time="5.573"/>
  <testcase classname="oculus.testcases.SanityTestV3" name="verify_dropdown_Price_changed_sharedDC" time="2.864"/>
  <testcase classname="oculus.testcases.SanityTestV3" name="verify_dropdown_Price_changed_shareDC2" time="5.517"/>
  <testcase classname="oculus.testcases.SanityTestV3" name="verify_dropdown_Price_changed_DedicatedDc" time="3.314"/>
  <testcase classname="oculus.testcases.SanityTestV3" name="verify_navigateTo_ISP_page_from_Product_Page" time="1.967"/>
  <testcase classname="oculus.testcases.SanityTestV3" name="verify_navigateTo_ISPplus_from_Product_Page" time="1.839"/>
  <testcase classname="oculus.testcases.SanityTestV3" name="verify_navigateTo_SharedDC_pricepage_from_Product_Page" time="1.927"/>
  <testcase classname="oculus.testcases.SanityTestV3" name="verify_navigateTo_dedicatedDc_pricePage_from_Product_Page" time="1.945"/>
  <testcase classname="oculus.testcases.SanityTestV3" name="verify_navigateTo_LoginPage_from_Product_Page" time="4.163"/>
  <testcase classname="oculus.testcases.SanityTestV3" name="verify_liks_onSignUp_page_LOGINL_INK" time="3.788"/>
  <testcase classname="oculus.testcases.SanityTestV3" name="verify_navigate_To_SignUp_Page_From_LOGINL_Page" time="1.615"/>
  <testcase classname="oculus.testcases.SanityTestV3" name="verify_navigate_To_TAC_From_SIGNUP_Page" time="3.829"/>
  <testcase classname="oculus.testcases.SanityTestV3" name="verify_navigate_To_PrivcyPolicy_From_SIGNUP_Page" time="3.516"/>
  <testcase classname="oculus.testcases.SanityTestV3" name="verify_navigate_To_forgotPass_From_LOGIN_Page" time="3.330"/>
  <testcase classname="oculus.testcases.SanityTestV3" name="verify_navigate_To_SIGNUP_Page_From_ForgotPass_Page" time="1.851"/>
  <testcase classname="oculus.testcases.SanityTestV3" name="verify_Starting_Prcing_OF_Product_Home_Page" time="1.521"/>
  <testcase classname="oculus.testcases.SanityTestV3" name="verify_Discriptions_on_Product_Page_ISP" time="2.027"/>
  <testcase classname="oculus.testcases.SanityTestV3" name="verify_Discriptions_on_Product_Page_ISPplus" time="2.118"/>
  <testcase classname="oculus.testcases.SanityTestV3" name="verify_Discriptions_on_Product_Page_SharedDc" time="2.059"/>
  <testcase classname="oculus.testcases.SanityTestV3" name="verify_Discriptions_on_Product_Page_DedicatedDc" time="1.978"/>
  <testcase classname="oculus.testcases.SanityTestV3" name="verify_naviagate_to_freeDataCenterPlanFromFAQ" time="1.891"/>
  <testcase classname="oculus.testcases.SanityTestV3" name="verify_FAQ_Link_navigateToCorrectPage_FromFAQ" time="3.580"/>
  <testcase classname="oculus.testcases.SanityTestV3" name="verify_privacyPolicy_Link_is_Functional_under_Scale_with_Security" time="3.865"/>
  <testcase classname="oculus.testcases.SanityTestV3" name="verify_Link_is_Functional_under_Can_I_test_my_proxies" time="9.621"/>
  <testcase classname="oculus.testcases.SanityTestV3" name="verify_Link_is_Functional_under_WherecanIgetproxiesforEvents" time="76.105"/>
  <testcase classname="oculus.testcases.SanityTestV3" name="verify_NavigateTo_FAQ_page" time="1.437"/>
</testsuite> <!-- oculus.testcases.SanityTestV3 -->
