<?xml version="1.0" encoding="UTF-8"?>
<!-- Generated by org.testng.reporters.JUnitReportReporter -->
<testsuite hostname="hp-H310B" failures="0" tests="2" name="oculus.testcases.MyProxiesPage" time="8.725" errors="0" timestamp="2024-05-30T17:20:01 IST" skipped="1">
  <testcase classname="oculus.testcases.MyProxiesPage" name="verify_Try_Our_Document_Link_isFunctional" time="8.725"/>
  <testcase classname="oculus.testcases.MyProxiesPage" name="verify_DetectMyIP_isFunctional">
    <skipped/>
  </testcase> <!-- verify_DetectMyIP_isFunctional -->
</testsuite> <!-- oculus.testcases.MyProxiesPage -->
