<?xml version="1.0" encoding="UTF-8"?>
<!-- Generated by org.testng.reporters.JUnitReportReporter -->
<testsuite hostname="hp-H310B" failures="0" tests="41" name="oculus.testcases.SanityTestV3" time="145.891" errors="0" timestamp="2024-06-24T11:08:08 IST" skipped="0">
  <testcase classname="oculus.testcases.SanityTestV3" name="verify_naviagate_to_ISP_ProductPage" time="7.645"/>
  <testcase classname="oculus.testcases.SanityTestV3" name="verify_naviagate_to_ISPplus_ProductPage" time="1.777"/>
  <testcase classname="oculus.testcases.SanityTestV3" name="verify_naviagate_to_sharedDc_ProductPage" time="1.263"/>
  <testcase classname="oculus.testcases.SanityTestV3" name="verify_naviagate_to_Residential_Pricing_Page_From_ProductPage" time="3.186"/>
  <testcase classname="oculus.testcases.SanityTestV3" name="verify_naviagate_to_dedicatedDC_ProductPage" time="2.039"/>
  <testcase classname="oculus.testcases.SanityTestV3" name="verify_naviagate_to_Residential_ProductPage" time="1.557"/>
  <testcase classname="oculus.testcases.SanityTestV3" name="verify_Product_Values_For_free_plan" time="6.230"/>
  <testcase classname="oculus.testcases.SanityTestV3" name="verifyALLProductInProductDropdown" time="1.754"/>
  <testcase classname="oculus.testcases.SanityTestV3" name="verify_ISP_product_values_from_dropdown" time="4.645"/>
  <testcase classname="oculus.testcases.SanityTestV3" name="verify_ISPplus_product_values_from_dropdown" time="3.862"/>
  <testcase classname="oculus.testcases.SanityTestV3" name="verify_SharedDc_product_values_from_dropdown" time="6.188"/>
  <testcase classname="oculus.testcases.SanityTestV3" name="verify_DedicatedDc_product_values_from_dropdown" time="10.264"/>
  <testcase classname="oculus.testcases.SanityTestV3" name="verify_dropdown_Price_changed_ISP" time="4.184"/>
  <testcase classname="oculus.testcases.SanityTestV3" name="verify_dropdown_Price_changed_ISPplus" time="6.274"/>
  <testcase classname="oculus.testcases.SanityTestV3" name="verify_dropdown_Price_changed_sharedDC" time="4.015"/>
  <testcase classname="oculus.testcases.SanityTestV3" name="verify_dropdown_Price_changed_DedicatedDc" time="6.478"/>
  <testcase classname="oculus.testcases.SanityTestV3" name="verify_navigateTo_ISP_page_from_Product_Page" time="2.356"/>
  <testcase classname="oculus.testcases.SanityTestV3" name="verify_navigateTo_ISPplus_from_Product_Page" time="2.248"/>
  <testcase classname="oculus.testcases.SanityTestV3" name="verify_navigateTo_SharedDC_pricepage_from_Product_Page" time="1.946"/>
  <testcase classname="oculus.testcases.SanityTestV3" name="verify_navigateTo_dedicatedDc_pricePage_from_Product_Page" time="1.918"/>
  <testcase classname="oculus.testcases.SanityTestV3" name="verify_liks_onSignUp_page_LOGINL_INK" time="3.176"/>
  <testcase classname="oculus.testcases.SanityTestV3" name="verify_navigateTo_LoginPage_from_Product_Page" time="3.263"/>
  <testcase classname="oculus.testcases.SanityTestV3" name="verify_navigate_To_SignUp_Page_From_LOGINL_Page" time="2.355"/>
  <testcase classname="oculus.testcases.SanityTestV3" name="verify_navigate_To_TAC_From_SIGNUP_Page" time="4.299"/>
  <testcase classname="oculus.testcases.SanityTestV3" name="verify_navigate_To_PrivcyPolicy_From_SIGNUP_Page" time="3.224"/>
  <testcase classname="oculus.testcases.SanityTestV3" name="verify_navigate_To_forgotPass_From_LOGIN_Page" time="2.499"/>
  <testcase classname="oculus.testcases.SanityTestV3" name="verify_navigate_To_SIGNUP_Page_From_ForgotPass_Page" time="2.241"/>
  <testcase classname="oculus.testcases.SanityTestV3" name="verify_Starting_Prcing_OF_Product_Home_Page" time="1.631"/>
  <testcase classname="oculus.testcases.SanityTestV3" name="verify_Discriptions_on_Product_Page_ISP" time="2.423"/>
  <testcase classname="oculus.testcases.SanityTestV3" name="verify_Discriptions_on_Product_Page_ISPplus" time="2.216"/>
  <testcase classname="oculus.testcases.SanityTestV3" name="verify_Discriptions_on_Product_Page_SharedDc" time="2.533"/>
  <testcase classname="oculus.testcases.SanityTestV3" name="verify_Discriptions_on_Product_Page_DedicatedDc" time="2.574"/>
  <testcase classname="oculus.testcases.SanityTestV3" name="verify_naviagate_to_freeDataCenterPlanFromFAQ" time="2.195"/>
  <testcase classname="oculus.testcases.SanityTestV3" name="verify_FAQ_Link_navigateToCorrectPage_FromFAQ" time="3.747"/>
  <testcase classname="oculus.testcases.SanityTestV3" name="verify_privacyPolicy_Link_is_Functional_under_Scale_with_Security" time="5.030"/>
  <testcase classname="oculus.testcases.SanityTestV3" name="verify_Link_is_Functional_under_Can_I_test_my_proxies" time="4.925"/>
  <testcase classname="oculus.testcases.SanityTestV3" name="verify_Link_is_Functional_under_WherecanIgetproxiesforEvents" time="3.833"/>
  <testcase classname="oculus.testcases.SanityTestV3" name="verify_NavigateTo_FAQ_page" time="1.658"/>
  <testcase classname="oculus.testcases.SanityTestV3" name="Verify_Residential_Proxy_Scraper_card" time="4.046"/>
  <testcase classname="oculus.testcases.SanityTestV3" name="verify_price_get_changed_after_selected_plan" time="3.376"/>
  <testcase classname="oculus.testcases.SanityTestV3" name="verify_footer_text_of_cards" time="4.818"/>
</testsuite> <!-- oculus.testcases.SanityTestV3 -->
