<?xml version="1.0" encoding="UTF-8"?>
<!-- Generated by org.testng.reporters.JUnitReportReporter -->
<testsuite hostname="hp-H310B" failures="0" tests="1" name="oculus.testcases.justTest" time="5.601" errors="0" timestamp="2024-06-24T12:59:09 IST" skipped="0">
  <testcase classname="oculus.testcases.justTest" name="verify_free_Plan" time="5.601"/>
</testsuite> <!-- oculus.testcases.justTest -->
