<?xml version="1.0" encoding="UTF-8"?>
<!-- Generated by org.testng.reporters.JUnitReportReporter -->
<testsuite hostname="hp-H310B" failures="0" tests="4" name="oculus.testcases.PurchaseV3Products" time="25.751" errors="0" timestamp="2024-05-30T15:32:06 IST" skipped="3">
  <testcase classname="oculus.testcases.PurchaseV3Products" name="verifySharedDCProductPurchase" time="25.751"/>
  <testcase classname="oculus.testcases.PurchaseV3Products" name="verifyDedicatedDCProductPurchase">
    <skipped/>
  </testcase> <!-- verifyDedicatedDCProductPurchase -->
  <testcase classname="oculus.testcases.PurchaseV3Products" name="verifyISPPlusProductPurchase">
    <skipped/>
  </testcase> <!-- verifyISPPlusProductPurchase -->
  <testcase classname="oculus.testcases.PurchaseV3Products" name="verifyISPProductPurchase">
    <skipped/>
  </testcase> <!-- verifyISPProductPurchase -->
</testsuite> <!-- oculus.testcases.PurchaseV3Products -->
