<?xml version="1.0" encoding="UTF-8"?>
<!-- Generated by org.testng.reporters.JUnitReportReporter -->
<testsuite hostname="hp-H310B" failures="0" tests="58" name="oculus.testcases.SanityTestV3" time="366.422" errors="0" timestamp="2024-06-03T15:56:17 IST" skipped="0">
  <testcase classname="oculus.testcases.SanityTestV3" name="verify_naviagate_to_ISP_ProductPage" time="25.834"/>
  <testcase classname="oculus.testcases.SanityTestV3" name="verify_naviagate_to_ISP_ProductPage" time="13.330"/>
  <testcase classname="oculus.testcases.SanityTestV3" name="verify_naviagate_to_ISPplus_ProductPage" time="1.294"/>
  <testcase classname="oculus.testcases.SanityTestV3" name="verify_naviagate_to_ISPplus_ProductPage" time="0.703"/>
  <testcase classname="oculus.testcases.SanityTestV3" name="verify_naviagate_to_sharedDc_ProductPage" time="1.446"/>
  <testcase classname="oculus.testcases.SanityTestV3" name="verify_naviagate_to_sharedDc_ProductPage" time="0.991"/>
  <testcase classname="oculus.testcases.SanityTestV3" name="verify_naviagate_to_dedicatedDC_ProductPage" time="1.092"/>
  <testcase classname="oculus.testcases.SanityTestV3" name="verify_naviagate_to_dedicatedDC_ProductPage" time="1.478"/>
  <testcase classname="oculus.testcases.SanityTestV3" name="verifyProductValues_ProxiesPricing" time="7.966"/>
  <testcase classname="oculus.testcases.SanityTestV3" name="verifyProductValues_ProxiesPricing" time="2.980"/>
  <testcase classname="oculus.testcases.SanityTestV3" name="verifyALLProductInProductDropdown" time="18.615"/>
  <testcase classname="oculus.testcases.SanityTestV3" name="verifyALLProductInProductDropdown" time="27.790"/>
  <testcase classname="oculus.testcases.SanityTestV3" name="verify_dropdown_values_ISP" time="5.230"/>
  <testcase classname="oculus.testcases.SanityTestV3" name="verify_dropdown_values_ISP" time="20.848"/>
  <testcase classname="oculus.testcases.SanityTestV3" name="verify_dropdown_values_ISPplus" time="0.409"/>
  <testcase classname="oculus.testcases.SanityTestV3" name="verify_dropdown_values_ISPplus" time="0.486"/>
  <testcase classname="oculus.testcases.SanityTestV3" name="verify_dropdown_values_SharedDC" time="0.392"/>
  <testcase classname="oculus.testcases.SanityTestV3" name="verify_dropdown_values_SharedDC" time="0.362"/>
  <testcase classname="oculus.testcases.SanityTestV3" name="verify_dropdown_values_DedicatedDC" time="0.414"/>
  <testcase classname="oculus.testcases.SanityTestV3" name="verify_dropdown_values_DedicatedDC" time="0.385"/>
  <testcase classname="oculus.testcases.SanityTestV3" name="verify_dropdown_Price_changed_ISP" time="4.413"/>
  <testcase classname="oculus.testcases.SanityTestV3" name="verify_dropdown_Price_changed_ISP" time="19.952"/>
  <testcase classname="oculus.testcases.SanityTestV3" name="verify_dropdown_Price_changed_ISPplus" time="0.226"/>
  <testcase classname="oculus.testcases.SanityTestV3" name="verify_dropdown_Price_changed_ISPplus" time="0.444"/>
  <testcase classname="oculus.testcases.SanityTestV3" name="verify_dropdown_Price_changed_sharedDC" time="0.382"/>
  <testcase classname="oculus.testcases.SanityTestV3" name="verify_dropdown_Price_changed_sharedDC" time="0.489"/>
  <testcase classname="oculus.testcases.SanityTestV3" name="verify_dropdown_Price_changed_shareDC2" time="0.410"/>
  <testcase classname="oculus.testcases.SanityTestV3" name="verify_dropdown_Price_changed_shareDC2" time="0.530"/>
  <testcase classname="oculus.testcases.SanityTestV3" name="verify_dropdown_Price_changed_DedicatedDc" time="0.378"/>
  <testcase classname="oculus.testcases.SanityTestV3" name="verify_dropdown_Price_changed_DedicatedDc" time="0.447"/>
  <testcase classname="oculus.testcases.SanityTestV3" name="verify_navigateTo_ISP_from_Product_Page" time="6.794"/>
  <testcase classname="oculus.testcases.SanityTestV3" name="verify_navigateTo_ISP_from_Product_Page" time="11.280"/>
  <testcase classname="oculus.testcases.SanityTestV3" name="verify_navigateTo_ISPplus_from_Product_Page" time="2.409"/>
  <testcase classname="oculus.testcases.SanityTestV3" name="verify_navigateTo_ISPplus_from_Product_Page" time="10.837"/>
  <testcase classname="oculus.testcases.SanityTestV3" name="verify_navigateTo_SharedDC_pricepage_from_Product_Page" time="10.204"/>
  <testcase classname="oculus.testcases.SanityTestV3" name="verify_navigateTo_SharedDC_pricepage_from_Product_Page" time="2.508"/>
  <testcase classname="oculus.testcases.SanityTestV3" name="verify_navigateTo_dedicatedDc_pricePage_from_Product_Page" time="2.612"/>
  <testcase classname="oculus.testcases.SanityTestV3" name="verify_navigateTo_dedicatedDc_pricePage_from_Product_Page" time="16.824"/>
  <testcase classname="oculus.testcases.SanityTestV3" name="verify_liks_onSignUp_page_LOGINL_INK" time="4.076"/>
  <testcase classname="oculus.testcases.SanityTestV3" name="verify_navigateTo_MyProxiesPage_from_Product_Page" time="9.672"/>
  <testcase classname="oculus.testcases.SanityTestV3" name="verify_liks_onSignUp_page_LOGINL_INK" time="19.926"/>
  <testcase classname="oculus.testcases.SanityTestV3" name="verify_navigateTo_MyProxiesPage_from_Product_Page" time="11.547"/>
  <testcase classname="oculus.testcases.SanityTestV3" name="verify_navigate_To_SignUp_Page_From_LOGINL_Page" time="2.515"/>
  <testcase classname="oculus.testcases.SanityTestV3" name="verify_navigate_To_SignUp_Page_From_LOGINL_Page" time="10.171"/>
  <testcase classname="oculus.testcases.SanityTestV3" name="verify_navigate_To_TAC_From_SIGNUP_Page" time="4.636"/>
  <testcase classname="oculus.testcases.SanityTestV3" name="verify_navigate_To_TAC_From_SIGNUP_Page" time="4.244"/>
  <testcase classname="oculus.testcases.SanityTestV3" name="verify_navigate_To_PrivcyPolicy_From_SIGNUP_Page" time="3.683"/>
  <testcase classname="oculus.testcases.SanityTestV3" name="verify_navigate_To_PrivcyPolicy_From_SIGNUP_Page" time="4.363"/>
  <testcase classname="oculus.testcases.SanityTestV3" name="verify_navigate_To_forgotPass_From_LOGIN_Page" time="3.381"/>
  <testcase classname="oculus.testcases.SanityTestV3" name="verify_navigate_To_forgotPass_From_LOGIN_Page" time="2.952"/>
  <testcase classname="oculus.testcases.SanityTestV3" name="verify_navigate_To_SIGNUP_Page_From_ForgotPass_Page" time="1.934"/>
  <testcase classname="oculus.testcases.SanityTestV3" name="verify_navigate_To_SIGNUP_Page_From_ForgotPass_Page" time="19.812"/>
  <testcase classname="oculus.testcases.SanityTestV3" name="verify_reverse_flow_V4_HP_workingas_Expecetd" time="19.508"/>
  <testcase classname="oculus.testcases.SanityTestV3" name="verify_reverse_flow_V4_HP_workingas_Expecetd" time="8.947"/>
  <testcase classname="oculus.testcases.SanityTestV3" name="verify_reverse_flow_V4_HP" time="2.207"/>
  <testcase classname="oculus.testcases.SanityTestV3" name="verify_reverse_flow_V4_HP" time="1.816"/>
  <testcase classname="oculus.testcases.SanityTestV3" name="verify_DetectMyIP_isFunctional" time="4.359"/>
  <testcase classname="oculus.testcases.SanityTestV3" name="verify_DetectMyIP_isFunctional" time="3.489"/>
</testsuite> <!-- oculus.testcases.SanityTestV3 -->
