<?xml version="1.0" encoding="UTF-8"?>
<!-- Generated by org.testng.reporters.JUnitReportReporter -->
<testsuite hostname="hp-H310B" failures="0" tests="1" name="testcases_package.Purchase_from_legacy" time="30.988" errors="0" timestamp="2024-05-06T18:37:07 IST" skipped="0">
  <testcase classname="testcases_package.Purchase_from_legacy" name="Purchase_ISP_Primium" time="30.988"/>
  <system-out/>
</testsuite> <!-- testcases_package.Purchase_from_legacy -->
