<?xml version="1.0" encoding="UTF-8"?>
<!-- Generated by org.testng.reporters.JUnitReportReporter -->
<testsuite hostname="hp-H310B" failures="0" tests="1" name="testcases_package.test" time="6.029" errors="0" timestamp="2024-05-06T17:13:07 IST" skipped="0">
  <testcase classname="testcases_package.test" name="test001" time="6.029"/>
  <system-out/>
</testsuite> <!-- testcases_package.test -->
