<?xml version="1.0" encoding="UTF-8"?>
<!-- Generated by org.testng.reporters.JUnitReportReporter -->
<testsuite hostname="hp-H310B" failures="0" tests="3" name="testcases_package.Find_Broken_links_legasy" time="42.634" errors="0" timestamp="2024-05-06T17:00:06 IST" skipped="0">
  <testcase classname="testcases_package.Find_Broken_links_legasy" name="find_broken_links_in_legacy" time="21.525"/>
  <system-out/>
  <testcase classname="testcases_package.Find_Broken_links_legasy" name="find_broken_links_in_v3" time="12.436"/>
  <system-out/>
  <testcase classname="testcases_package.Find_Broken_links_legasy" name="find_broken_links_in_v4" time="8.673"/>
  <system-out/>
</testsuite> <!-- testcases_package.Find_Broken_links_legasy -->
