<?xml version="1.0" encoding="UTF-8"?>
<!-- Generated by org.testng.reporters.JUnitReportReporter -->
<testsuite hostname="hp-H310B" failures="0" tests="1" name="testcases_package.testcase005" time="20.115" errors="0" timestamp="2024-04-09T16:59:14 IST" skipped="0">
  <testcase classname="testcases_package.testcase005" name="Loginn" time="20.115"/>
  <system-out/>
</testsuite> <!-- testcases_package.testcase005 -->
