<?xml version="1.0" encoding="UTF-8"?>
<!-- Generated by org.testng.reporters.JUnitReportReporter -->
<testsuite hostname="hp-H310B" failures="0" tests="3" name="testcases_package.Find_Broken_links_legasy" time="40.256" errors="0" timestamp="2024-04-18T17:41:27 IST" skipped="0">
  <testcase classname="testcases_package.Find_Broken_links_legasy" name="test001" time="20.349"/>
  <system-out/>
  <testcase classname="testcases_package.Find_Broken_links_legasy" name="test002" time="10.260"/>
  <system-out/>
  <testcase classname="testcases_package.Find_Broken_links_legasy" name="test003" time="9.647"/>
  <system-out/>
</testsuite> <!-- testcases_package.Find_Broken_links_legasy -->
