<?xml version="1.0" encoding="UTF-8"?>
<!-- Generated by org.testng.reporters.JUnitReportReporter -->
<testsuite hostname="hp-H310B" failures="0" tests="5" name="testcases_package.reverse_flow_test" time="20.503" errors="0" timestamp="2024-05-02T16:18:08 IST" skipped="0">
  <testcase classname="testcases_package.reverse_flow_test" name="reverseFlowTest_before_login" time="6.510"/>
  <system-out/>
  <testcase classname="testcases_package.reverse_flow_test" name="reverseFlowTest2_before_login" time="4.160"/>
  <system-out/>
  <testcase classname="testcases_package.reverse_flow_test" name="reverseFlowTest3_before_login" time="3.062"/>
  <system-out/>
  <testcase classname="testcases_package.reverse_flow_test" name="reverseFlowTest4_before_login" time="2.986"/>
  <system-out/>
  <testcase classname="testcases_package.reverse_flow_test" name="reverseFlowTest5_before_login" time="3.785"/>
  <system-out/>
</testsuite> <!-- testcases_package.reverse_flow_test -->
