<?xml version="1.0" encoding="UTF-8"?>
<!-- Generated by org.testng.reporters.JUnitReportReporter -->
<testsuite hostname="hp-H310B" failures="0" tests="10" name="testcases_package.sanity_testing_v3" time="9.555" errors="0" timestamp="2024-04-29T12:25:58 IST" skipped="4">
  <testcase classname="testcases_package.sanity_testing_v3" name="test005" time="1.701"/>
  <system-out/>
  <testcase classname="testcases_package.sanity_testing_v3" name="test006" time="1.266"/>
  <system-out/>
  <testcase classname="testcases_package.sanity_testing_v3" name="test007" time="1.233"/>
  <system-out/>
  <testcase classname="testcases_package.sanity_testing_v3" name="test008" time="2.453"/>
  <system-out/>
  <testcase classname="testcases_package.sanity_testing_v3" name="test009" time="1.574"/>
  <system-out/>
  <testcase classname="testcases_package.sanity_testing_v3" name="test010" time="1.328"/>
  <system-out/>
  <testcase classname="testcases_package.sanity_testing_v3" name="test001">
    <skipped/>
  </testcase> <!-- test001 -->
  <system-out/>
  <testcase classname="testcases_package.sanity_testing_v3" name="test002">
    <skipped/>
  </testcase> <!-- test002 -->
  <system-out/>
  <testcase classname="testcases_package.sanity_testing_v3" name="test003">
    <skipped/>
  </testcase> <!-- test003 -->
  <system-out/>
  <testcase classname="testcases_package.sanity_testing_v3" name="test004">
    <skipped/>
  </testcase> <!-- test004 -->
  <system-out/>
</testsuite> <!-- testcases_package.sanity_testing_v3 -->
