<?xml version="1.0" encoding="UTF-8"?>
<!-- Generated by org.testng.reporters.JUnitReportReporter -->
<testsuite hostname="hp-H310B" failures="0" tests="3" name="testcases_package.Find_Broken_links_legasy" time="36.369" errors="0" timestamp="2024-04-29T12:27:24 IST" skipped="0">
  <testcase classname="testcases_package.Find_Broken_links_legasy" name="find_broken_links_in_legacy" time="17.813"/>
  <system-out/>
  <testcase classname="testcases_package.Find_Broken_links_legasy" name="find_broken_links_in_v3" time="9.031"/>
  <system-out/>
  <testcase classname="testcases_package.Find_Broken_links_legasy" name="find_broken_links_in_v4" time="9.525"/>
  <system-out/>
</testsuite> <!-- testcases_package.Find_Broken_links_legasy -->
