<?xml version="1.0" encoding="UTF-8"?>
<!-- Generated by org.testng.reporters.JUnitReportReporter -->
<testsuite hostname="hp-H310B" failures="1" tests="16" name="testcases_package.sanityAfterLogin" time="69.786" errors="0" timestamp="2024-04-29T12:25:58 IST" skipped="0">
  <testcase classname="testcases_package.sanityAfterLogin" name="verify_try_now_button_is_functional" time="1.009"/>
  <system-out/>
  <testcase classname="testcases_package.sanityAfterLogin" name="verify_try_now_button_is_functional2" time="0.803"/>
  <system-out/>
  <testcase classname="testcases_package.sanityAfterLogin" name="verify_dropdown_values_Static_Residential_Proxies" time="2.500"/>
  <system-out/>
  <testcase classname="testcases_package.sanityAfterLogin" name="verify_dropdown_values_Dedicated_Datacenter_Proxies" time="2.006"/>
  <system-out/>
  <testcase classname="testcases_package.sanityAfterLogin" name="verify_dropdown_values_Shared_Datacenter" time="2.010"/>
  <system-out/>
  <testcase classname="testcases_package.sanityAfterLogin" name="verify_dropdown_navigate_to_my_proxies_page" time="0.890"/>
  <system-out/>
  <testcase classname="testcases_package.sanityAfterLogin" name="verify_dropdown_navigate_to_my_profile" time="0.905"/>
  <system-out/>
  <testcase classname="testcases_package.sanityAfterLogin" name="verify_dropdown_navigate_to_my_Payment_method" time="0.986">
    <failure message="expected:&lt;https://dev.oculusproxies.com/&gt; but was:&lt;https://dev.oculusproxies.com/paymentMethods&gt;" type="java.lang.AssertionError">
      <![CDATA[java.lang.AssertionError: expected:<https://dev.oculusproxies.com/> but was:<https://dev.oculusproxies.com/paymentMethods>
at org.testng.AssertJUnit.assertEquals(AssertJUnit.java:115)
at org.testng.AssertJUnit.assertEquals(AssertJUnit.java:125)
at testcases_package.sanityAfterLogin.verify_dropdown_navigate_to_my_Payment_method(sanityAfterLogin.java:241)
at java.base/jdk.internal.reflect.NativeMethodAccessorImpl.invoke0(Native Method)
at java.base/jdk.internal.reflect.NativeMethodAccessorImpl.invoke(NativeMethodAccessorImpl.java:77)
at java.base/jdk.internal.reflect.DelegatingMethodAccessorImpl.invoke(DelegatingMethodAccessorImpl.java:43)
at java.base/java.lang.reflect.Method.invoke(Method.java:568)
at org.testng.internal.MethodInvocationHelper.invokeMethod(MethodInvocationHelper.java:133)
at org.testng.internal.TestInvoker.invokeMethod(TestInvoker.java:598)
at org.testng.internal.TestInvoker.invokeTestMethod(TestInvoker.java:173)
at org.testng.internal.MethodRunner.runInSequence(MethodRunner.java:46)
at org.testng.internal.TestInvoker$MethodInvocationAgent.invoke(TestInvoker.java:824)
at org.testng.internal.TestInvoker.invokeTestMethods(TestInvoker.java:146)
at org.testng.internal.TestMethodWorker.invokeTestMethods(TestMethodWorker.java:146)
at org.testng.internal.TestMethodWorker.run(TestMethodWorker.java:128)
at java.base/java.util.ArrayList.forEach(ArrayList.java:1511)
at org.testng.TestRunner.privateRun(TestRunner.java:794)
at org.testng.TestRunner.run(TestRunner.java:596)
at org.testng.SuiteRunner.runTest(SuiteRunner.java:377)
at org.testng.SuiteRunner.runSequentially(SuiteRunner.java:371)
at org.testng.SuiteRunner.privateRun(SuiteRunner.java:332)
at org.testng.SuiteRunner.run(SuiteRunner.java:276)
at org.testng.SuiteRunnerWorker.runSuite(SuiteRunnerWorker.java:53)
at org.testng.SuiteRunnerWorker.run(SuiteRunnerWorker.java:96)
at org.testng.TestNG.runSuitesSequentially(TestNG.java:1212)
at org.testng.TestNG.runSuitesSequentially(TestNG.java:1207)
at org.testng.TestNG.runSuitesLocally(TestNG.java:1134)
at org.testng.TestNG.runSuites(TestNG.java:1063)
at org.testng.TestNG.run(TestNG.java:1031)
at org.testng.remote.AbstractRemoteTestNG.run(AbstractRemoteTestNG.java:115)
at org.testng.remote.RemoteTestNG.initAndRun(RemoteTestNG.java:251)
at org.testng.remote.RemoteTestNG.main(RemoteTestNG.java:77)
]]>
    </failure>
  </testcase> <!-- verify_dropdown_navigate_to_my_Payment_method -->
  <system-out/>
  <testcase classname="testcases_package.sanityAfterLogin" name="Verify_that_the_ISP_product_has_been_successfully_purchased" time="17.310"/>
  <system-out/>
  <testcase classname="testcases_package.sanityAfterLogin" name="Verify_Proxie_configuration_page_should_be_oppen" time="2.846"/>
  <system-out/>
  <testcase classname="testcases_package.sanityAfterLogin" name="verify_Documentation_Link_Is_Functional" time="3.993"/>
  <system-out/>
  <testcase classname="testcases_package.sanityAfterLogin" name="verify_Country_Dropdown_Is_Functional_under_configure_proxy_page" time="23.240"/>
  <system-out/>
  <testcase classname="testcases_package.sanityAfterLogin" name="verify_Change_Payment_Method_Is_Functional_under_configure_proxy_page" time="4.122"/>
  <system-out/>
  <testcase classname="testcases_package.sanityAfterLogin" name="verify_History_Is_Functional_under_configure_proxy_page" time="4.159"/>
  <system-out/>
  <testcase classname="testcases_package.sanityAfterLogin" name="verify_Auto_renew_Setting_Page_Is_Functional_under_configure_proxy_page" time="1.536"/>
  <system-out/>
  <testcase classname="testcases_package.sanityAfterLogin" name="verify_Add_Page_Is_Functional_under_configure_proxy_page" time="1.471"/>
  <system-out/>
</testsuite> <!-- testcases_package.sanityAfterLogin -->
