<?xml version="1.0" encoding="UTF-8"?>
<!-- Generated by org.testng.reporters.JUnitReportReporter -->
<testsuite hostname="hp-H310B" failures="0" tests="1" name="testcases_package.PageScrolling" time="10.094" errors="0" timestamp="2024-04-17T17:49:04 IST" skipped="0">
  <testcase classname="testcases_package.PageScrolling" name="test001" time="10.094"/>
  <system-out/>
</testsuite> <!-- testcases_package.PageScrolling -->
