<?xml version="1.0" encoding="UTF-8"?>
<!-- Generated by org.testng.reporters.JUnitReportReporter -->
<testsuite hostname="hp-H310B" failures="0" tests="1" name="testcases_package.PageScrolling" time="10.059" errors="0" timestamp="2024-04-29T12:28:52 IST" skipped="0">
  <testcase classname="testcases_package.PageScrolling" name="test001" time="10.059"/>
  <system-out/>
</testsuite> <!-- testcases_package.PageScrolling -->
