<?xml version="1.0" encoding="UTF-8"?>
<!-- Generated by org.testng.reporters.JUnitReportReporter -->
<testsuite hostname="hp-H310B" failures="0" tests="2" name="testcases_package.Find_Broken_links" time="21.693" errors="0" timestamp="2024-04-17T19:24:26 IST" skipped="1">
  <testcase classname="testcases_package.Find_Broken_links" name="test002" time="21.693"/>
  <system-out/>
  <testcase classname="testcases_package.Find_Broken_links" name="test001">
    <skipped/>
  </testcase> <!-- test001 -->
  <system-out/>
</testsuite> <!-- testcases_package.Find_Broken_links -->
