<?xml version="1.0" encoding="UTF-8"?>
<!-- Generated by org.testng.reporters.JUnitReportReporter -->
<testsuite hostname="hp-H310B" failures="0" tests="7" name="testcases_package.sanityAfterLogin" time="2.096" errors="0" timestamp="2024-04-24T11:44:49 IST" skipped="5">
  <testcase classname="testcases_package.sanityAfterLogin" name="verify_dropdown_navigate_to_my_proxies_page" time="1.108"/>
  <system-out/>
  <testcase classname="testcases_package.sanityAfterLogin" name="verify_dropdown_navigate_to_my_profile" time="0.988"/>
  <system-out/>
  <testcase classname="testcases_package.sanityAfterLogin" name="verify_dropdown_values_Static_Residential_Proxies">
    <skipped/>
  </testcase> <!-- verify_dropdown_values_Static_Residential_Proxies -->
  <system-out/>
  <testcase classname="testcases_package.sanityAfterLogin" name="verify_try_now_button_is_functional2">
    <skipped/>
  </testcase> <!-- verify_try_now_button_is_functional2 -->
  <system-out/>
  <testcase classname="testcases_package.sanityAfterLogin" name="verify_try_now_button_is_functional">
    <skipped/>
  </testcase> <!-- verify_try_now_button_is_functional -->
  <system-out/>
  <testcase classname="testcases_package.sanityAfterLogin" name="verify_dropdown_values_Dedicated_Datacenter_Proxies">
    <skipped/>
  </testcase> <!-- verify_dropdown_values_Dedicated_Datacenter_Proxies -->
  <system-out/>
  <testcase classname="testcases_package.sanityAfterLogin" name="verify_dropdown_values_Shared_Datacenter">
    <skipped/>
  </testcase> <!-- verify_dropdown_values_Shared_Datacenter -->
  <system-out/>
</testsuite> <!-- testcases_package.sanityAfterLogin -->
