<?xml version="1.0" encoding="UTF-8"?>
<!-- Generated by org.testng.reporters.JUnitReportReporter -->
<testsuite hostname="hp-H310B" failures="0" tests="1" name="testcases_package.navigate_To_V2" time="14.482" errors="0" timestamp="2024-03-21T11:54:54 IST" skipped="0">
  <testcase classname="testcases_package.navigate_To_V2" name="test007" time="14.482"/>
  <system-out/>
</testsuite> <!-- testcases_package.navigate_To_V2 -->
