<?xml version="1.0" encoding="UTF-8"?>
<!-- Generated by org.testng.reporters.JUnitReportReporter -->
<testsuite hostname="hp-H310B" failures="0" tests="1" name="testcases_package.Oculus_Login_test_001" time="25.815" errors="0" timestamp="2024-03-20T12:12:22 IST" skipped="0">
  <testcase classname="testcases_package.Oculus_Login_test_001" name="Loginn" time="25.815"/>
  <system-out/>
</testsuite> <!-- testcases_package.Oculus_Login_test_001 -->
