<?xml version="1.0" encoding="UTF-8"?>
<!-- Generated by org.testng.reporters.JUnitReportReporter -->
<testsuite hostname="hp-H310B" failures="0" tests="10" name="testcases_package.sanity_testing_v3" time="13.356" errors="0" timestamp="2024-05-06T17:00:06 IST" skipped="4">
  <testcase classname="testcases_package.sanity_testing_v3" name="test005" time="5.098"/>
  <system-out/>
  <testcase classname="testcases_package.sanity_testing_v3" name="test006" time="1.325"/>
  <system-out/>
  <testcase classname="testcases_package.sanity_testing_v3" name="test007" time="1.163"/>
  <system-out/>
  <testcase classname="testcases_package.sanity_testing_v3" name="test008" time="1.192"/>
  <system-out/>
  <testcase classname="testcases_package.sanity_testing_v3" name="test009" time="2.761"/>
  <system-out/>
  <testcase classname="testcases_package.sanity_testing_v3" name="test010" time="1.817"/>
  <system-out/>
  <testcase classname="testcases_package.sanity_testing_v3" name="test001">
    <skipped/>
  </testcase> <!-- test001 -->
  <system-out/>
  <testcase classname="testcases_package.sanity_testing_v3" name="test002">
    <skipped/>
  </testcase> <!-- test002 -->
  <system-out/>
  <testcase classname="testcases_package.sanity_testing_v3" name="test003">
    <skipped/>
  </testcase> <!-- test003 -->
  <system-out/>
  <testcase classname="testcases_package.sanity_testing_v3" name="test004">
    <skipped/>
  </testcase> <!-- test004 -->
  <system-out/>
</testsuite> <!-- testcases_package.sanity_testing_v3 -->
