<?xml version="1.0" encoding="UTF-8"?>
<!-- Generated by org.testng.reporters.JUnitReportReporter -->
<testsuite hostname="hp-H310B" failures="0" tests="2" name="testcases_package.Oculus_test_navigation" time="12.200" errors="0" timestamp="2024-03-20T15:21:27 IST" skipped="0">
  <testcase classname="testcases_package.Oculus_test_navigation" name="test002" time="3.277"/>
  <system-out/>
  <testcase classname="testcases_package.Oculus_test_navigation" name="test003" time="8.923"/>
  <system-out/>
</testsuite> <!-- testcases_package.Oculus_test_navigation -->
