<?xml version="1.0" encoding="UTF-8"?>
<!-- Generated by org.testng.reporters.JUnitReportReporter -->
<testsuite hostname="hp-H310B" failures="0" tests="2" name="testcases_package.Find_Broken_links_v3" time="18.592" errors="0" timestamp="2024-04-29T12:25:58 IST" skipped="1">
  <testcase classname="testcases_package.Find_Broken_links_v3" name="test002" time="18.592"/>
  <system-out/>
  <testcase classname="testcases_package.Find_Broken_links_v3" name="test001">
    <skipped/>
  </testcase> <!-- test001 -->
  <system-out/>
</testsuite> <!-- testcases_package.Find_Broken_links_v3 -->
